<?xml version="1.0" encoding="UTF-8"?>
<!-- Generated by org.testng.reporters.JUnitReportReporter -->
<testsuite hostname="DESKTOP-K242S0S" name="com.qa.test.GetAPITest" tests="1" failures="0" timestamp="8 Sep 2019 13:49:49 GMT" time="1.110" errors="0">
  <testcase name="getAPITest" time="1.110" classname="com.qa.test.GetAPITest"/>
</testsuite> <!-- com.qa.test.GetAPITest -->
